<?xml version="1.0" encoding="UTF-8"?>
<!-- Generated by org.testng.reporters.JUnitXMLReporter -->
<testsuite hostname="MITSLPT099" ignored="0" name="DataProviderTest" tests="7" failures="5" timestamp="13 Dec 2017 02:25:21 GMT" time="0.047" errors="0">
  <testcase name="testMethod" time="0.0" classname="com.mits.selenium.testing.DataProviderTest"/>
  <testcase name="testMethod" time="0.0" classname="com.mits.selenium.testing.DataProviderTest"/>
  <testcase name="testPrimeNumberChecker" time="0.0" classname="com.mits.selenium.testing.DataProviderTest">
    <failure type="java.lang.AssertionError" message="null">
      <![CDATA[java.lang.AssertionError: nullat com.mits.selenium.testing.DataProviderTest.testPrimeNumberChecker(DataProviderTest.java:36)... Removed 27 stack frames]]>
    </failure>
  </testcase> <!-- testPrimeNumberChecker -->
  <testcase name="testPrimeNumberChecker" time="0.0" classname="com.mits.selenium.testing.DataProviderTest">
    <failure type="java.lang.AssertionError" message="null">
      <![CDATA[java.lang.AssertionError: nullat com.mits.selenium.testing.DataProviderTest.testPrimeNumberChecker(DataProviderTest.java:36)... Removed 27 stack frames]]>
    </failure>
  </testcase> <!-- testPrimeNumberChecker -->
  <testcase name="testPrimeNumberChecker" time="0.0" classname="com.mits.selenium.testing.DataProviderTest">
    <failure type="java.lang.AssertionError" message="null">
      <![CDATA[java.lang.AssertionError: nullat com.mits.selenium.testing.DataProviderTest.testPrimeNumberChecker(DataProviderTest.java:36)... Removed 27 stack frames]]>
    </failure>
  </testcase> <!-- testPrimeNumberChecker -->
  <testcase name="testPrimeNumberChecker" time="0.015" classname="com.mits.selenium.testing.DataProviderTest">
    <failure type="java.lang.AssertionError" message="null">
      <![CDATA[java.lang.AssertionError: nullat com.mits.selenium.testing.DataProviderTest.testPrimeNumberChecker(DataProviderTest.java:36)... Removed 27 stack frames]]>
    </failure>
  </testcase> <!-- testPrimeNumberChecker -->
  <testcase name="testPrimeNumberChecker" time="0.0" classname="com.mits.selenium.testing.DataProviderTest">
    <failure type="java.lang.AssertionError" message="null">
      <![CDATA[java.lang.AssertionError: nullat com.mits.selenium.testing.DataProviderTest.testPrimeNumberChecker(DataProviderTest.java:36)... Removed 27 stack frames]]>
    </failure>
  </testcase> <!-- testPrimeNumberChecker -->
</testsuite> <!-- DataProviderTest -->
