<?xml version="1.0" encoding="UTF-8"?>
<!-- Generated by org.testng.reporters.JUnitXMLReporter -->
<testsuite hostname="MITSLPT099" ignored="0" name="Parameters Testing" tests="2" failures="0" timestamp="13 Dec 2017 02:25:12 GMT" time="0.047" errors="0">
  <testcase name="FillLoginForm" time="0.016" classname="com.mits.selenium.testing.ParametersTesting"/>
  <testcase name="OpenBrowser" time="0.0" classname="com.mits.selenium.testing.ParametersTesting"/>
</testsuite> <!-- Parameters Testing -->
